  search.cpp
D:\電気研究会\github\maze_simu\Mazesimu_VS\Mazesimu_VS\typedefine.h(40,1): warning C4005: 'TRUE': マクロが再定義されました。
C:\Program Files (x86)\Windows Kits\10\Include\10.0.22000.0\shared\minwindef.h(75,1): message : 'TRUE' の以前の定義を確認してください
D:\電気研究会\github\maze_simu\Mazesimu_VS\Mazesimu_VS\typedefine.h(41,1): warning C4005: 'FALSE': マクロが再定義されました。
C:\Program Files (x86)\Windows Kits\10\Include\10.0.22000.0\shared\minwindef.h(71,1): message : 'FALSE' の以前の定義を確認してください
D:\電気研究会\github\maze_simu\Mazesimu_VS\Mazesimu_VS\queue.h(29,10): warning C4477: 'printf' : 書式文字列 '%d' には、型 'int' の引数が必要ですが、可変個引数 1 は型 'stPOSITION' です
D:\電気研究会\github\maze_simu\Mazesimu_VS\Mazesimu_VS\queue.h(80,13): warning C4101: 'dqueue': ローカル変数は 1 度も使われていません。
D:\電気研究会\github\maze_simu\Mazesimu_VS\Mazesimu_VS\search.cpp(94,8): warning C4101: 'uc_dummy': ローカル変数は 1 度も使われていません。
D:\電気研究会\github\maze_simu\Mazesimu_VS\Mazesimu_VS\search.cpp(651,14): warning C4244: '=': 'USHORT' から 'uint8_t' への変換です。データが失われる可能性があります。
D:\電気研究会\github\maze_simu\Mazesimu_VS\Mazesimu_VS\search.cpp(661,14): warning C4244: '=': 'USHORT' から 'uint8_t' への変換です。データが失われる可能性があります。
D:\電気研究会\github\maze_simu\Mazesimu_VS\Mazesimu_VS\search.cpp(669,14): warning C4244: '=': 'USHORT' から 'uint8_t' への変換です。データが失われる可能性があります。
D:\電気研究会\github\maze_simu\Mazesimu_VS\Mazesimu_VS\search.cpp(679,14): warning C4244: '=': 'USHORT' から 'uint8_t' への変換です。データが失われる可能性があります。
D:\電気研究会\github\maze_simu\Mazesimu_VS\Mazesimu_VS\search.cpp(599,10): warning C4101: 'uc_dase': ローカル変数は 1 度も使われていません。
D:\電気研究会\github\maze_simu\Mazesimu_VS\Mazesimu_VS\search.cpp(601,10): warning C4101: 'uc_level': ローカル変数は 1 度も使われていません。
D:\電気研究会\github\maze_simu\Mazesimu_VS\Mazesimu_VS\search.cpp(600,10): warning C4101: 'uc_new': ローカル変数は 1 度も使われていません。
D:\電気研究会\github\maze_simu\Mazesimu_VS\Mazesimu_VS\search.cpp(954,14): warning C4244: '=': 'USHORT' から 'uint8_t' への変換です。データが失われる可能性があります。
D:\電気研究会\github\maze_simu\Mazesimu_VS\Mazesimu_VS\search.cpp(964,14): warning C4244: '=': 'USHORT' から 'uint8_t' への変換です。データが失われる可能性があります。
D:\電気研究会\github\maze_simu\Mazesimu_VS\Mazesimu_VS\search.cpp(972,14): warning C4244: '=': 'USHORT' から 'uint8_t' への変換です。データが失われる可能性があります。
D:\電気研究会\github\maze_simu\Mazesimu_VS\Mazesimu_VS\search.cpp(982,14): warning C4244: '=': 'USHORT' から 'uint8_t' への変換です。データが失われる可能性があります。
D:\電気研究会\github\maze_simu\Mazesimu_VS\Mazesimu_VS\search.cpp(891,10): warning C4101: 'uc_dase': ローカル変数は 1 度も使われていません。
D:\電気研究会\github\maze_simu\Mazesimu_VS\Mazesimu_VS\search.cpp(893,10): warning C4101: 'uc_level': ローカル変数は 1 度も使われていません。
D:\電気研究会\github\maze_simu\Mazesimu_VS\Mazesimu_VS\search.cpp(892,10): warning C4101: 'uc_new': ローカル変数は 1 度も使われていません。
D:\電気研究会\github\maze_simu\Mazesimu_VS\Mazesimu_VS\search.cpp(1362,23): warning C4305: '=': 'double' から 'FLOAT' へ切り詰めます。
D:\電気研究会\github\maze_simu\Mazesimu_VS\Mazesimu_VS\search.cpp(1872,24): warning C4101: 'end': ローカル変数は 1 度も使われていません。
D:\電気研究会\github\maze_simu\Mazesimu_VS\Mazesimu_VS\search.cpp(1872,17): warning C4101: 'start': ローカル変数は 1 度も使われていません。
D:\電気研究会\github\maze_simu\Mazesimu_VS\Mazesimu_VS\search.cpp(2218,14): warning C4244: '=': 'USHORT' から 'uint8_t' への変換です。データが失われる可能性があります。
D:\電気研究会\github\maze_simu\Mazesimu_VS\Mazesimu_VS\search.cpp(2228,14): warning C4244: '=': 'USHORT' から 'uint8_t' への変換です。データが失われる可能性があります。
D:\電気研究会\github\maze_simu\Mazesimu_VS\Mazesimu_VS\search.cpp(2236,14): warning C4244: '=': 'USHORT' から 'uint8_t' への変換です。データが失われる可能性があります。
D:\電気研究会\github\maze_simu\Mazesimu_VS\Mazesimu_VS\search.cpp(2246,14): warning C4244: '=': 'USHORT' から 'uint8_t' への変換です。データが失われる可能性があります。
D:\電気研究会\github\maze_simu\Mazesimu_VS\Mazesimu_VS\search.cpp(2167,10): warning C4101: 'uc_dase': ローカル変数は 1 度も使われていません。
D:\電気研究会\github\maze_simu\Mazesimu_VS\Mazesimu_VS\search.cpp(2169,10): warning C4101: 'uc_level': ローカル変数は 1 度も使われていません。
D:\電気研究会\github\maze_simu\Mazesimu_VS\Mazesimu_VS\search.cpp(2168,10): warning C4101: 'uc_new': ローカル変数は 1 度も使われていません。
D:\電気研究会\github\maze_simu\Mazesimu_VS\Mazesimu_VS\search.cpp(2269,8): warning C4101: 'uc_staY': ローカル変数は 1 度も使われていません。
D:\電気研究会\github\maze_simu\Mazesimu_VS\Mazesimu_VS\search.cpp(2266,8): warning C4101: 'uc_goalX': ローカル変数は 1 度も使われていません。
D:\電気研究会\github\maze_simu\Mazesimu_VS\Mazesimu_VS\search.cpp(2268,8): warning C4101: 'uc_staX': ローカル変数は 1 度も使われていません。
D:\電気研究会\github\maze_simu\Mazesimu_VS\Mazesimu_VS\search.cpp(2267,8): warning C4101: 'uc_goalY': ローカル変数は 1 度も使われていません。
D:\電気研究会\github\maze_simu\Mazesimu_VS\Mazesimu_VS\search.cpp(2264,18): warning C4101: 'en_endDir': ローカル変数は 1 度も使われていません。
  Mazesimu_VS.vcxproj -> D:\電気研究会\github\maze_simu\Mazesimu_VS\Debug\Mazesimu_VS.exe
